[0319/211442.101:ERROR:process_memory_win.cc(73)] ReadMemory at 0x7ff719f20000 of 64 bytes failed: ReadProcessMemory 또는 WriteProcessMemory의 일부 작업만을 마쳤습니다. (0x12B)
[0319/211442.102:WARNING:pe_image_reader.cc(340)] could not read dos header from C:\Program Files (x86)\Google\Chrome\Application\chrome.exe
[0319/211442.102:ERROR:process_memory_win.cc(73)] ReadMemory at 0x7ff842480000 of 64 bytes failed: ReadProcessMemory 또는 WriteProcessMemory의 일부 작업만을 마쳤습니다. (0x12B)
[0319/211442.102:WARNING:pe_image_reader.cc(340)] could not read dos header from C:\WINDOWS\SYSTEM32\ntdll.dll
[0319/211442.103:ERROR:process_memory_win.cc(73)] ReadMemory at 0x7ff841480000 of 64 bytes failed: ReadProcessMemory 또는 WriteProcessMemory의 일부 작업만을 마쳤습니다. (0x12B)
[0319/211442.103:WARNING:pe_image_reader.cc(340)] could not read dos header from C:\WINDOWS\System32\KERNEL32.DLL
[0319/211442.103:ERROR:process_memory_win.cc(73)] ReadMemory at 0x7ff83f4c0000 of 64 bytes failed: ReadProcessMemory 또는 WriteProcessMemory의 일부 작업만을 마쳤습니다. (0x12B)
[0319/211442.103:WARNING:pe_image_reader.cc(340)] could not read dos header from C:\WINDOWS\System32\KERNELBASE.dll
[0319/211442.103:ERROR:process_memory_win.cc(73)] ReadMemory at 0x7ff824620000 of 64 bytes failed: ReadProcessMemory 또는 WriteProcessMemory의 일부 작업만을 마쳤습니다. (0x12B)
[0319/211442.103:WARNING:pe_image_reader.cc(340)] could not read dos header from C:\Program Files (x86)\Google\Chrome\Application\80.0.3987.149\chrome_elf.dll
[0319/211442.103:ERROR:process_memory_win.cc(73)] ReadMemory at 0x7ff838c20000 of 64 bytes failed: ReadProcessMemory 또는 WriteProcessMemory의 일부 작업만을 마쳤습니다. (0x12B)
[0319/211442.103:WARNING:pe_image_reader.cc(340)] could not read dos header from C:\WINDOWS\SYSTEM32\VERSION.dll
[0319/211442.103:ERROR:process_memory_win.cc(73)] ReadMemory at 0x7ff840880000 of 64 bytes failed: ReadProcessMemory 또는 WriteProcessMemory의 일부 작업만을 마쳤습니다. (0x12B)
[0319/211442.103:WARNING:pe_image_reader.cc(340)] could not read dos header from C:\WINDOWS\System32\msvcrt.dll
[0319/211442.103:ERROR:process_memory_win.cc(73)] ReadMemory at 0x7ff83fd00000 of 64 bytes failed: ReadProcessMemory 또는 WriteProcessMemory의 일부 작업만을 마쳤습니다. (0x12B)
[0319/211442.103:WARNING:pe_image_reader.cc(340)] could not read dos header from C:\WINDOWS\System32\bcryptPrimitives.dll
[0319/211442.103:ERROR:process_memory_win.cc(73)] ReadMemory at 0x7ff840680000 of 64 bytes failed: ReadProcessMemory 또는 WriteProcessMemory의 일부 작업만을 마쳤습니다. (0x12B)
[0319/211442.103:WARNING:pe_image_reader.cc(340)] could not read dos header from C:\WINDOWS\System32\ADVAPI32.dll
[0319/211442.104:ERROR:process_memory_win.cc(73)] ReadMemory at 0x7ff841550000 of 64 bytes failed: ReadProcessMemory 또는 WriteProcessMemory의 일부 작업만을 마쳤습니다. (0x12B)
[0319/211442.104:WARNING:pe_image_reader.cc(340)] could not read dos header from C:\WINDOWS\System32\sechost.dll
[0319/211442.104:ERROR:process_memory_win.cc(73)] ReadMemory at 0x7ff840730000 of 64 bytes failed: ReadProcessMemory 또는 WriteProcessMemory의 일부 작업만을 마쳤습니다. (0x12B)
[0319/211442.104:WARNING:pe_image_reader.cc(340)] could not read dos header from C:\WINDOWS\System32\RPCRT4.dll
[0319/211442.104:ERROR:process_memory_win.cc(73)] ReadMemory at 0x7fffbeb30000 of 64 bytes failed: ReadProcessMemory 또는 WriteProcessMemory의 일부 작업만을 마쳤습니다. (0x12B)
[0319/211442.104:WARNING:pe_image_reader.cc(340)] could not read dos header from C:\Program Files (x86)\Google\Chrome\Application\80.0.3987.149\chrome.dll
[0319/211442.104:ERROR:process_memory_win.cc(73)] ReadMemory at 0x7ff841780000 of 64 bytes failed: ReadProcessMemory 또는 WriteProcessMemory의 일부 작업만을 마쳤습니다. (0x12B)
[0319/211442.104:WARNING:pe_image_reader.cc(340)] could not read dos header from C:\WINDOWS\System32\WS2_32.dll
[0319/211442.104:ERROR:process_memory_win.cc(73)] ReadMemory at 0x7ff842110000 of 64 bytes failed: ReadProcessMemory 또는 WriteProcessMemory의 일부 작업만을 마쳤습니다. (0x12B)
[0319/211442.104:WARNING:pe_image_reader.cc(340)] could not read dos header from C:\WINDOWS\System32\OLEAUT32.dll
[0319/211442.104:ERROR:process_memory_win.cc(73)] ReadMemory at 0x7ff83f770000 of 64 bytes failed: ReadProcessMemory 또는 WriteProcessMemory의 일부 작업만을 마쳤습니다. (0x12B)
[0319/211442.104:WARNING:pe_image_reader.cc(340)] could not read dos header from C:\WINDOWS\System32\msvcp_win.dll
[0319/211442.104:ERROR:process_memory_win.cc(73)] ReadMemory at 0x7ff83f9d0000 of 64 bytes failed: ReadProcessMemory 또는 WriteProcessMemory의 일부 작업만을 마쳤습니다. (0x12B)
[0319/211442.104:WARNING:pe_image_reader.cc(340)] could not read dos header from C:\WINDOWS\System32\ucrtbase.dll
[0319/211442.104:ERROR:process_memory_win.cc(73)] ReadMemory at 0x7ff840fc0000 of 64 bytes failed: ReadProcessMemory 또는 WriteProcessMemory의 일부 작업만을 마쳤습니다. (0x12B)
[0319/211442.104:WARNING:pe_image_reader.cc(340)] could not read dos header from C:\WINDOWS\System32\combase.dll
[0319/211442.104:ERROR:process_memory_win.cc(73)] ReadMemory at 0x7ff83fc70000 of 64 bytes failed: ReadProcessMemory 또는 WriteProcessMemory의 일부 작업만을 마쳤습니다. (0x12B)
[0319/211442.104:WARNING:pe_image_reader.cc(340)] could not read dos header from C:\WINDOWS\System32\WINTRUST.dll
[0319/211442.104:ERROR:process_memory_win.cc(73)] ReadMemory at 0x7ff83f350000 of 64 bytes failed: ReadProcessMemory 또는 WriteProcessMemory의 일부 작업만을 마쳤습니다. (0x12B)
[0319/211442.104:WARNING:pe_image_reader.cc(340)] could not read dos header from C:\WINDOWS\System32\MSASN1.dll
[0319/211442.104:ERROR:process_memory_win.cc(73)] ReadMemory at 0x7ff83f880000 of 64 bytes failed: ReadProcessMemory 또는 WriteProcessMemory의 일부 작업만을 마쳤습니다. (0x12B)
[0319/211442.104:WARNING:pe_image_reader.cc(340)] could not read dos header from C:\WINDOWS\System32\CRYPT32.dll
[0319/211442.104:ERROR:process_memory_win.cc(73)] ReadMemory at 0x7ff83e8c0000 of 64 bytes failed: ReadProcessMemory 또는 WriteProcessMemory의 일부 작업만을 마쳤습니다. (0x12B)
[0319/211442.104:WARNING:pe_image_reader.cc(340)] could not read dos header from C:\WINDOWS\SYSTEM32\IPHLPAPI.DLL
[0319/211442.104:ERROR:process_memory_win.cc(73)] ReadMemory at 0x7ff83cf20000 of 64 bytes failed: ReadProcessMemory 또는 WriteProcessMemory의 일부 작업만을 마쳤습니다. (0x12B)
[0319/211442.104:WARNING:pe_image_reader.cc(340)] could not read dos header from C:\WINDOWS\SYSTEM32\WINMM.dll
[0319/211442.104:ERROR:process_memory_win.cc(73)] ReadMemory at 0x7ff825830000 of 64 bytes failed: ReadProcessMemory 또는 WriteProcessMemory의 일부 작업만을 마쳤습니다. (0x12B)
[0319/211442.104:WARNING:pe_image_reader.cc(340)] could not read dos header from C:\WINDOWS\SYSTEM32\Secur32.dll
[0319/211442.104:ERROR:process_memory_win.cc(73)] ReadMemory at 0x7ff83f260000 of 64 bytes failed: ReadProcessMemory 또는 WriteProcessMemory의 일부 작업만을 마쳤습니다. (0x12B)
[0319/211442.104:WARNING:pe_image_reader.cc(340)] could not read dos header from C:\WINDOWS\SYSTEM32\USERENV.dll
[0319/211442.104:ERROR:process_memory_win.cc(73)] ReadMemory at 0x7ff83f3e0000 of 64 bytes failed: ReadProcessMemory 또는 WriteProcessMemory의 일부 작업만을 마쳤습니다. (0x12B)
[0319/211442.104:WARNING:pe_image_reader.cc(340)] could not read dos header from C:\WINDOWS\System32\profapi.dll
[0319/211442.105:ERROR:process_memory_win.cc(73)] ReadMemory at 0x7ff8123f0000 of 64 bytes failed: ReadProcessMemory 또는 WriteProcessMemory의 일부 작업만을 마쳤습니다. (0x12B)
[0319/211442.105:WARNING:pe_image_reader.cc(340)] could not read dos header from C:\WINDOWS\SYSTEM32\UIAutomationCore.DLL
[0319/211442.105:ERROR:process_memory_win.cc(73)] ReadMemory at 0x7ff823f50000 of 64 bytes failed: ReadProcessMemory 또는 WriteProcessMemory의 일부 작업만을 마쳤습니다. (0x12B)
[0319/211442.105:WARNING:pe_image_reader.cc(340)] could not read dos header from C:\WINDOWS\SYSTEM32\DWrite.dll
[0319/211442.105:ERROR:process_memory_win.cc(73)] ReadMemory at 0x7ff817ab0000 of 64 bytes failed: ReadProcessMemory 또는 WriteProcessMemory의 일부 작업만을 마쳤습니다. (0x12B)
[0319/211442.105:WARNING:pe_image_reader.cc(340)] could not read dos header from C:\WINDOWS\SYSTEM32\WINSPOOL.DRV
[0319/211442.105:ERROR:process_memory_win.cc(73)] ReadMemory at 0x7ff83f370000 of 64 bytes failed: ReadProcessMemory 또는 WriteProcessMemory의 일부 작업만을 마쳤습니다. (0x12B)
[0319/211442.105:WARNING:pe_image_reader.cc(340)] could not read dos header from C:\WINDOWS\System32\kernel.appcore.dll
[0319/211442.105:ERROR:process_memory_win.cc(73)] ReadMemory at 0x7ff83fd80000 of 64 bytes failed: ReadProcessMemory 또는 WriteProcessMemory의 일부 작업만을 마쳤습니다. (0x12B)
[0319/211442.105:WARNING:pe_image_reader.cc(340)] could not read dos header from C:\WINDOWS\System32\bcrypt.dll
[0319/211442.105:ERROR:process_memory_win.cc(73)] ReadMemory at 0x7ff83dc70000 of 64 bytes failed: ReadProcessMemory 또는 WriteProcessMemory의 일부 작업만을 마쳤습니다. (0x12B)
[0319/211442.105:WARNING:pe_image_reader.cc(340)] could not read dos header from C:\WINDOWS\SYSTEM32\dbghelp.dll
[0319/211442.105:ERROR:process_memory_win.cc(73)] ReadMemory at 0x7ff834580000 of 64 bytes failed: ReadProcessMemory 또는 WriteProcessMemory의 일부 작업만을 마쳤습니다. (0x12B)
[0319/211442.105:WARNING:pe_image_reader.cc(340)] could not read dos header from C:\WINDOWS\SYSTEM32\WINHTTP.dll
[0319/211442.105:ERROR:process_memory_win.cc(73)] ReadMemory at 0x7ff838980000 of 64 bytes failed: ReadProcessMemory 또는 WriteProcessMemory의 일부 작업만을 마쳤습니다. (0x12B)
[0319/211442.105:WARNING:pe_image_reader.cc(340)] could not read dos header from C:\WINDOWS\SYSTEM32\dhcpcsvc.DLL
[0319/211442.105:ERROR:process_memory_win.cc(73)] ReadMemory at 0x7ff840920000 of 64 bytes failed: ReadProcessMemory 또는 WriteProcessMemory의 일부 작업만을 마쳤습니다. (0x12B)
[0319/211442.105:WARNING:pe_image_reader.cc(340)] could not read dos header from C:\WINDOWS\System32\NSI.dll
[0319/211442.105:ERROR:process_memory_win.cc(73)] ReadMemory at 0x7ff83cef0000 of 64 bytes failed: ReadProcessMemory 또는 WriteProcessMemory의 일부 작업만을 마쳤습니다. (0x12B)
[0319/211442.105:WARNING:pe_image_reader.cc(340)] could not read dos header from C:\WINDOWS\SYSTEM32\WINMMBASE.dll
[0319/211442.105:ERROR:process_memory_win.cc(73)] ReadMemory at 0x7ff83f830000 of 64 bytes failed: ReadProcessMemory 또는 WriteProcessMemory의 일부 작업만을 마쳤습니다. (0x12B)
[0319/211442.105:WARNING:pe_image_reader.cc(340)] could not read dos header from C:\WINDOWS\System32\cfgmgr32.dll
[0319/211442.105:ERROR:process_memory_win.cc(73)] ReadMemory at 0x7ff83b8e0000 of 64 bytes failed: ReadProcessMemory 또는 WriteProcessMemory의 일부 작업만을 마쳤습니다. (0x12B)
[0319/211442.105:WARNING:pe_image_reader.cc(340)] could not read dos header from C:\WINDOWS\SYSTEM32\PROPSYS.dll
[0319/211442.105:ERROR:process_memory_win.cc(73)] ReadMemory at 0x7ff840530000 of 64 bytes failed: ReadProcessMemory 또는 WriteProcessMemory의 일부 작업만을 마쳤습니다. (0x12B)
[0319/211442.105:WARNING:pe_image_reader.cc(340)] could not read dos header from C:\WINDOWS\System32\shcore.dll
[0319/211442.105:ERROR:process_memory_win.cc(73)] ReadMemory at 0x7ff83f230000 of 64 bytes failed: ReadProcessMemory 또는 WriteProcessMemory의 일부 작업만을 마쳤습니다. (0x12B)
[0319/211442.105:WARNING:pe_image_reader.cc(340)] could not read dos header from C:\WINDOWS\SYSTEM32\SSPICLI.DLL
[0319/211442.105:ERROR:process_memory_win.cc(73)] ReadMemory at 0x7ff83ed80000 of 64 bytes failed: ReadProcessMemory 또는 WriteProcessMemory의 일부 작업만을 마쳤습니다. (0x12B)
[0319/211442.105:WARNING:pe_image_reader.cc(340)] could not read dos header from C:\WINDOWS\SYSTEM32\CRYPTBASE.DLL
[0319/211442.105:ERROR:process_memory_win.cc(73)] ReadMemory at 0x7ff719f20000 of 64 bytes failed: ReadProcessMemory 또는 WriteProcessMemory의 일부 작업만을 마쳤습니다. (0x12B)
[0319/211442.106:WARNING:pe_image_reader.cc(340)] could not read dos header from C:\Program Files (x86)\Google\Chrome\Application\chrome.exe
[0319/211442.106:ERROR:process_memory_win.cc(73)] ReadMemory at 0x7ff842480000 of 64 bytes failed: ReadProcessMemory 또는 WriteProcessMemory의 일부 작업만을 마쳤습니다. (0x12B)
[0319/211442.106:WARNING:pe_image_reader.cc(340)] could not read dos header from C:\WINDOWS\SYSTEM32\ntdll.dll
[0319/211442.106:ERROR:process_memory_win.cc(73)] ReadMemory at 0x7ff841480000 of 64 bytes failed: ReadProcessMemory 또는 WriteProcessMemory의 일부 작업만을 마쳤습니다. (0x12B)
[0319/211442.106:WARNING:pe_image_reader.cc(340)] could not read dos header from C:\WINDOWS\System32\KERNEL32.DLL
[0319/211442.106:ERROR:process_memory_win.cc(73)] ReadMemory at 0x7ff83f4c0000 of 64 bytes failed: ReadProcessMemory 또는 WriteProcessMemory의 일부 작업만을 마쳤습니다. (0x12B)
[0319/211442.106:WARNING:pe_image_reader.cc(340)] could not read dos header from C:\WINDOWS\System32\KERNELBASE.dll
[0319/211442.106:ERROR:process_memory_win.cc(73)] ReadMemory at 0x7ff824620000 of 64 bytes failed: ReadProcessMemory 또는 WriteProcessMemory의 일부 작업만을 마쳤습니다. (0x12B)
[0319/211442.106:WARNING:pe_image_reader.cc(340)] could not read dos header from C:\Program Files (x86)\Google\Chrome\Application\80.0.3987.149\chrome_elf.dll
[0319/211442.106:ERROR:process_memory_win.cc(73)] ReadMemory at 0x7ff838c20000 of 64 bytes failed: ReadProcessMemory 또는 WriteProcessMemory의 일부 작업만을 마쳤습니다. (0x12B)
[0319/211442.106:WARNING:pe_image_reader.cc(340)] could not read dos header from C:\WINDOWS\SYSTEM32\VERSION.dll
[0319/211442.106:ERROR:process_memory_win.cc(73)] ReadMemory at 0x7ff840880000 of 64 bytes failed: ReadProcessMemory 또는 WriteProcessMemory의 일부 작업만을 마쳤습니다. (0x12B)
[0319/211442.106:WARNING:pe_image_reader.cc(340)] could not read dos header from C:\WINDOWS\System32\msvcrt.dll
[0319/211442.106:ERROR:process_memory_win.cc(73)] ReadMemory at 0x7ff83fd00000 of 64 bytes failed: ReadProcessMemory 또는 WriteProcessMemory의 일부 작업만을 마쳤습니다. (0x12B)
[0319/211442.106:WARNING:pe_image_reader.cc(340)] could not read dos header from C:\WINDOWS\System32\bcryptPrimitives.dll
[0319/211442.106:ERROR:process_memory_win.cc(73)] ReadMemory at 0x7ff840680000 of 64 bytes failed: ReadProcessMemory 또는 WriteProcessMemory의 일부 작업만을 마쳤습니다. (0x12B)
[0319/211442.106:WARNING:pe_image_reader.cc(340)] could not read dos header from C:\WINDOWS\System32\ADVAPI32.dll
[0319/211442.106:ERROR:process_memory_win.cc(73)] ReadMemory at 0x7ff841550000 of 64 bytes failed: ReadProcessMemory 또는 WriteProcessMemory의 일부 작업만을 마쳤습니다. (0x12B)
[0319/211442.106:WARNING:pe_image_reader.cc(340)] could not read dos header from C:\WINDOWS\System32\sechost.dll
[0319/211442.106:ERROR:process_memory_win.cc(73)] ReadMemory at 0x7ff840730000 of 64 bytes failed: ReadProcessMemory 또는 WriteProcessMemory의 일부 작업만을 마쳤습니다. (0x12B)
[0319/211442.106:WARNING:pe_image_reader.cc(340)] could not read dos header from C:\WINDOWS\System32\RPCRT4.dll
[0319/211442.106:ERROR:process_memory_win.cc(73)] ReadMemory at 0x7fffbeb30000 of 64 bytes failed: ReadProcessMemory 또는 WriteProcessMemory의 일부 작업만을 마쳤습니다. (0x12B)
[0319/211442.106:WARNING:pe_image_reader.cc(340)] could not read dos header from C:\Program Files (x86)\Google\Chrome\Application\80.0.3987.149\chrome.dll
[0319/211442.106:ERROR:process_memory_win.cc(73)] ReadMemory at 0x7ff841780000 of 64 bytes failed: ReadProcessMemory 또는 WriteProcessMemory의 일부 작업만을 마쳤습니다. (0x12B)
[0319/211442.106:WARNING:pe_image_reader.cc(340)] could not read dos header from C:\WINDOWS\System32\WS2_32.dll
[0319/211442.106:ERROR:process_memory_win.cc(73)] ReadMemory at 0x7ff842110000 of 64 bytes failed: ReadProcessMemory 또는 WriteProcessMemory의 일부 작업만을 마쳤습니다. (0x12B)
[0319/211442.106:WARNING:pe_image_reader.cc(340)] could not read dos header from C:\WINDOWS\System32\OLEAUT32.dll
[0319/211442.106:ERROR:process_memory_win.cc(73)] ReadMemory at 0x7ff83f770000 of 64 bytes failed: ReadProcessMemory 또는 WriteProcessMemory의 일부 작업만을 마쳤습니다. (0x12B)
[0319/211442.106:WARNING:pe_image_reader.cc(340)] could not read dos header from C:\WINDOWS\System32\msvcp_win.dll
[0319/211442.106:ERROR:process_memory_win.cc(73)] ReadMemory at 0x7ff83f9d0000 of 64 bytes failed: ReadProcessMemory 또는 WriteProcessMemory의 일부 작업만을 마쳤습니다. (0x12B)
[0319/211442.106:WARNING:pe_image_reader.cc(340)] could not read dos header from C:\WINDOWS\System32\ucrtbase.dll
[0319/211442.106:ERROR:process_memory_win.cc(73)] ReadMemory at 0x7ff840fc0000 of 64 bytes failed: ReadProcessMemory 또는 WriteProcessMemory의 일부 작업만을 마쳤습니다. (0x12B)
[0319/211442.106:WARNING:pe_image_reader.cc(340)] could not read dos header from C:\WINDOWS\System32\combase.dll
[0319/211442.106:ERROR:process_memory_win.cc(73)] ReadMemory at 0x7ff83fc70000 of 64 bytes failed: ReadProcessMemory 또는 WriteProcessMemory의 일부 작업만을 마쳤습니다. (0x12B)
[0319/211442.106:WARNING:pe_image_reader.cc(340)] could not read dos header from C:\WINDOWS\System32\WINTRUST.dll
[0319/211442.106:ERROR:process_memory_win.cc(73)] ReadMemory at 0x7ff83f350000 of 64 bytes failed: ReadProcessMemory 또는 WriteProcessMemory의 일부 작업만을 마쳤습니다. (0x12B)
[0319/211442.106:WARNING:pe_image_reader.cc(340)] could not read dos header from C:\WINDOWS\System32\MSASN1.dll
[0319/211442.106:ERROR:process_memory_win.cc(73)] ReadMemory at 0x7ff83f880000 of 64 bytes failed: ReadProcessMemory 또는 WriteProcessMemory의 일부 작업만을 마쳤습니다. (0x12B)
[0319/211442.107:WARNING:pe_image_reader.cc(340)] could not read dos header from C:\WINDOWS\System32\CRYPT32.dll
[0319/211442.107:ERROR:process_memory_win.cc(73)] ReadMemory at 0x7ff83e8c0000 of 64 bytes failed: ReadProcessMemory 또는 WriteProcessMemory의 일부 작업만을 마쳤습니다. (0x12B)
[0319/211442.107:WARNING:pe_image_reader.cc(340)] could not read dos header from C:\WINDOWS\SYSTEM32\IPHLPAPI.DLL
[0319/211442.107:ERROR:process_memory_win.cc(73)] ReadMemory at 0x7ff83cf20000 of 64 bytes failed: ReadProcessMemory 또는 WriteProcessMemory의 일부 작업만을 마쳤습니다. (0x12B)
[0319/211442.107:WARNING:pe_image_reader.cc(340)] could not read dos header from C:\WINDOWS\SYSTEM32\WINMM.dll
[0319/211442.107:ERROR:process_memory_win.cc(73)] ReadMemory at 0x7ff825830000 of 64 bytes failed: ReadProcessMemory 또는 WriteProcessMemory의 일부 작업만을 마쳤습니다. (0x12B)
[0319/211442.107:WARNING:pe_image_reader.cc(340)] could not read dos header from C:\WINDOWS\SYSTEM32\Secur32.dll
[0319/211442.107:ERROR:process_memory_win.cc(73)] ReadMemory at 0x7ff83f260000 of 64 bytes failed: ReadProcessMemory 또는 WriteProcessMemory의 일부 작업만을 마쳤습니다. (0x12B)
[0319/211442.107:WARNING:pe_image_reader.cc(340)] could not read dos header from C:\WINDOWS\SYSTEM32\USERENV.dll
[0319/211442.107:ERROR:process_memory_win.cc(73)] ReadMemory at 0x7ff83f3e0000 of 64 bytes failed: ReadProcessMemory 또는 WriteProcessMemory의 일부 작업만을 마쳤습니다. (0x12B)
[0319/211442.107:WARNING:pe_image_reader.cc(340)] could not read dos header from C:\WINDOWS\System32\profapi.dll
[0319/211442.107:ERROR:process_memory_win.cc(73)] ReadMemory at 0x7ff8123f0000 of 64 bytes failed: ReadProcessMemory 또는 WriteProcessMemory의 일부 작업만을 마쳤습니다. (0x12B)
[0319/211442.107:WARNING:pe_image_reader.cc(340)] could not read dos header from C:\WINDOWS\SYSTEM32\UIAutomationCore.DLL
[0319/211442.107:ERROR:process_memory_win.cc(73)] ReadMemory at 0x7ff823f50000 of 64 bytes failed: ReadProcessMemory 또는 WriteProcessMemory의 일부 작업만을 마쳤습니다. (0x12B)
[0319/211442.107:WARNING:pe_image_reader.cc(340)] could not read dos header from C:\WINDOWS\SYSTEM32\DWrite.dll
[0319/211442.107:ERROR:process_memory_win.cc(73)] ReadMemory at 0x7ff817ab0000 of 64 bytes failed: ReadProcessMemory 또는 WriteProcessMemory의 일부 작업만을 마쳤습니다. (0x12B)
[0319/211442.107:WARNING:pe_image_reader.cc(340)] could not read dos header from C:\WINDOWS\SYSTEM32\WINSPOOL.DRV
[0319/211442.107:ERROR:process_memory_win.cc(73)] ReadMemory at 0x7ff83f370000 of 64 bytes failed: ReadProcessMemory 또는 WriteProcessMemory의 일부 작업만을 마쳤습니다. (0x12B)
[0319/211442.107:WARNING:pe_image_reader.cc(340)] could not read dos header from C:\WINDOWS\System32\kernel.appcore.dll
[0319/211442.107:ERROR:process_memory_win.cc(73)] ReadMemory at 0x7ff83fd80000 of 64 bytes failed: ReadProcessMemory 또는 WriteProcessMemory의 일부 작업만을 마쳤습니다. (0x12B)
[0319/211442.107:WARNING:pe_image_reader.cc(340)] could not read dos header from C:\WINDOWS\System32\bcrypt.dll
[0319/211442.107:ERROR:process_memory_win.cc(73)] ReadMemory at 0x7ff83dc70000 of 64 bytes failed: ReadProcessMemory 또는 WriteProcessMemory의 일부 작업만을 마쳤습니다. (0x12B)
[0319/211442.107:WARNING:pe_image_reader.cc(340)] could not read dos header from C:\WINDOWS\SYSTEM32\dbghelp.dll
[0319/211442.107:ERROR:process_memory_win.cc(73)] ReadMemory at 0x7ff834580000 of 64 bytes failed: ReadProcessMemory 또는 WriteProcessMemory의 일부 작업만을 마쳤습니다. (0x12B)
[0319/211442.107:WARNING:pe_image_reader.cc(340)] could not read dos header from C:\WINDOWS\SYSTEM32\WINHTTP.dll
[0319/211442.107:ERROR:process_memory_win.cc(73)] ReadMemory at 0x7ff838980000 of 64 bytes failed: ReadProcessMemory 또는 WriteProcessMemory의 일부 작업만을 마쳤습니다. (0x12B)
[0319/211442.107:WARNING:pe_image_reader.cc(340)] could not read dos header from C:\WINDOWS\SYSTEM32\dhcpcsvc.DLL
[0319/211442.107:ERROR:process_memory_win.cc(73)] ReadMemory at 0x7ff840920000 of 64 bytes failed: ReadProcessMemory 또는 WriteProcessMemory의 일부 작업만을 마쳤습니다. (0x12B)
[0319/211442.107:WARNING:pe_image_reader.cc(340)] could not read dos header from C:\WINDOWS\System32\NSI.dll
[0319/211442.107:ERROR:process_memory_win.cc(73)] ReadMemory at 0x7ff83cef0000 of 64 bytes failed: ReadProcessMemory 또는 WriteProcessMemory의 일부 작업만을 마쳤습니다. (0x12B)
[0319/211442.107:WARNING:pe_image_reader.cc(340)] could not read dos header from C:\WINDOWS\SYSTEM32\WINMMBASE.dll
[0319/211442.107:ERROR:process_memory_win.cc(73)] ReadMemory at 0x7ff83f830000 of 64 bytes failed: ReadProcessMemory 또는 WriteProcessMemory의 일부 작업만을 마쳤습니다. (0x12B)
[0319/211442.108:WARNING:pe_image_reader.cc(340)] could not read dos header from C:\WINDOWS\System32\cfgmgr32.dll
[0319/211442.108:ERROR:process_memory_win.cc(73)] ReadMemory at 0x7ff83b8e0000 of 64 bytes failed: ReadProcessMemory 또는 WriteProcessMemory의 일부 작업만을 마쳤습니다. (0x12B)
[0319/211442.108:WARNING:pe_image_reader.cc(340)] could not read dos header from C:\WINDOWS\SYSTEM32\PROPSYS.dll
[0319/211442.108:ERROR:process_memory_win.cc(73)] ReadMemory at 0x7ff840530000 of 64 bytes failed: ReadProcessMemory 또는 WriteProcessMemory의 일부 작업만을 마쳤습니다. (0x12B)
[0319/211442.108:WARNING:pe_image_reader.cc(340)] could not read dos header from C:\WINDOWS\System32\shcore.dll
[0319/211442.108:ERROR:process_memory_win.cc(73)] ReadMemory at 0x7ff83f230000 of 64 bytes failed: ReadProcessMemory 또는 WriteProcessMemory의 일부 작업만을 마쳤습니다. (0x12B)
[0319/211442.108:WARNING:pe_image_reader.cc(340)] could not read dos header from C:\WINDOWS\SYSTEM32\SSPICLI.DLL
[0319/211442.108:ERROR:process_memory_win.cc(73)] ReadMemory at 0x7ff83ed80000 of 64 bytes failed: ReadProcessMemory 또는 WriteProcessMemory의 일부 작업만을 마쳤습니다. (0x12B)
[0319/211442.108:WARNING:pe_image_reader.cc(340)] could not read dos header from C:\WINDOWS\SYSTEM32\CRYPTBASE.DLL
[0319/211442.122:ERROR:process_memory_win.cc(73)] ReadMemory at 0x7e787f6000 of 40960 bytes failed: ReadProcessMemory 또는 WriteProcessMemory의 일부 작업만을 마쳤습니다. (0x12B)
[0319/211442.122:ERROR:process_memory_win.cc(73)] ReadMemory at 0x7e78ffd000 of 12288 bytes failed: ReadProcessMemory 또는 WriteProcessMemory의 일부 작업만을 마쳤습니다. (0x12B)
[0319/211442.122:ERROR:process_memory_win.cc(73)] ReadMemory at 0x7e797fc000 of 16384 bytes failed: ReadProcessMemory 또는 WriteProcessMemory의 일부 작업만을 마쳤습니다. (0x12B)
[0319/211442.122:ERROR:process_memory_win.cc(73)] ReadMemory at 0x7e79ffc000 of 16384 bytes failed: ReadProcessMemory 또는 WriteProcessMemory의 일부 작업만을 마쳤습니다. (0x12B)
[0319/211442.122:ERROR:process_memory_win.cc(73)] ReadMemory at 0x7e7a7fc000 of 16384 bytes failed: ReadProcessMemory 또는 WriteProcessMemory의 일부 작업만을 마쳤습니다. (0x12B)
[0319/211442.122:ERROR:process_memory_win.cc(73)] ReadMemory at 0x7e7afff000 of 4096 bytes failed: ReadProcessMemory 또는 WriteProcessMemory의 일부 작업만을 마쳤습니다. (0x12B)
[0319/211442.123:ERROR:process_memory_win.cc(73)] ReadMemory at 0x7e7b7fd000 of 12288 bytes failed: ReadProcessMemory 또는 WriteProcessMemory의 일부 작업만을 마쳤습니다. (0x12B)
[0319/211442.123:ERROR:process_memory_win.cc(73)] ReadMemory at 0x7e7bffb000 of 20480 bytes failed: ReadProcessMemory 또는 WriteProcessMemory의 일부 작업만을 마쳤습니다. (0x12B)
[0319/211442.123:ERROR:process_memory_win.cc(73)] ReadMemory at 0x7e7c7fd000 of 12288 bytes failed: ReadProcessMemory 또는 WriteProcessMemory의 일부 작업만을 마쳤습니다. (0x12B)
[0319/211442.123:ERROR:process_memory_win.cc(73)] ReadMemory at 0x7e7cffd000 of 12288 bytes failed: ReadProcessMemory 또는 WriteProcessMemory의 일부 작업만을 마쳤습니다. (0x12B)
[0319/211442.123:ERROR:process_memory_win.cc(73)] ReadMemory at 0x7e7d7fd000 of 12288 bytes failed: ReadProcessMemory 또는 WriteProcessMemory의 일부 작업만을 마쳤습니다. (0x12B)
[0319/211442.123:ERROR:process_memory_win.cc(73)] ReadMemory at 0x7e7dffd000 of 12288 bytes failed: ReadProcessMemory 또는 WriteProcessMemory의 일부 작업만을 마쳤습니다. (0x12B)
[0319/211442.123:ERROR:process_memory_win.cc(73)] ReadMemory at 0x7e7e7fd000 of 12288 bytes failed: ReadProcessMemory 또는 WriteProcessMemory의 일부 작업만을 마쳤습니다. (0x12B)
[0319/211442.123:ERROR:process_memory_win.cc(73)] ReadMemory at 0x7e7effd000 of 12288 bytes failed: ReadProcessMemory 또는 WriteProcessMemory의 일부 작업만을 마쳤습니다. (0x12B)
[0319/211442.123:ERROR:process_memory_win.cc(73)] ReadMemory at 0x7e7f7fd000 of 12288 bytes failed: ReadProcessMemory 또는 WriteProcessMemory의 일부 작업만을 마쳤습니다. (0x12B)
[0319/211442.123:ERROR:process_memory_win.cc(73)] ReadMemory at 0x7e7fffd000 of 12288 bytes failed: ReadProcessMemory 또는 WriteProcessMemory의 일부 작업만을 마쳤습니다. (0x12B)
[0319/211442.123:ERROR:process_memory_win.cc(73)] ReadMemory at 0x7e77e49000 of 852 bytes failed: ReadProcessMemory 또는 WriteProcessMemory의 일부 작업만을 마쳤습니다. (0x12B)
[0319/211442.123:ERROR:process_memory_win.cc(73)] ReadMemory at 0x7e77e4a000 of 6024 bytes failed: ReadProcessMemory 또는 WriteProcessMemory의 일부 작업만을 마쳤습니다. (0x12B)
[0319/211442.123:ERROR:process_memory_win.cc(73)] ReadMemory at 0x7e77e4c000 of 6024 bytes failed: ReadProcessMemory 또는 WriteProcessMemory의 일부 작업만을 마쳤습니다. (0x12B)
[0319/211442.123:ERROR:process_memory_win.cc(73)] ReadMemory at 0x7e77e4e000 of 6024 bytes failed: ReadProcessMemory 또는 WriteProcessMemory의 일부 작업만을 마쳤습니다. (0x12B)
[0319/211442.123:ERROR:process_memory_win.cc(73)] ReadMemory at 0x7e77e50000 of 6024 bytes failed: ReadProcessMemory 또는 WriteProcessMemory의 일부 작업만을 마쳤습니다. (0x12B)
[0319/211442.123:ERROR:process_memory_win.cc(73)] ReadMemory at 0x7e77e52000 of 6024 bytes failed: ReadProcessMemory 또는 WriteProcessMemory의 일부 작업만을 마쳤습니다. (0x12B)
[0319/211442.123:ERROR:process_memory_win.cc(73)] ReadMemory at 0x7e77e54000 of 6024 bytes failed: ReadProcessMemory 또는 WriteProcessMemory의 일부 작업만을 마쳤습니다. (0x12B)
[0319/211442.124:ERROR:process_memory_win.cc(73)] ReadMemory at 0x7e77e56000 of 6024 bytes failed: ReadProcessMemory 또는 WriteProcessMemory의 일부 작업만을 마쳤습니다. (0x12B)
[0319/211442.124:ERROR:process_memory_win.cc(73)] ReadMemory at 0x7e77e58000 of 6024 bytes failed: ReadProcessMemory 또는 WriteProcessMemory의 일부 작업만을 마쳤습니다. (0x12B)
[0319/211442.124:ERROR:process_memory_win.cc(73)] ReadMemory at 0x7e77e5a000 of 6024 bytes failed: ReadProcessMemory 또는 WriteProcessMemory의 일부 작업만을 마쳤습니다. (0x12B)
[0319/211442.124:ERROR:process_memory_win.cc(73)] ReadMemory at 0x7e77e5c000 of 6024 bytes failed: ReadProcessMemory 또는 WriteProcessMemory의 일부 작업만을 마쳤습니다. (0x12B)
[0319/211442.124:ERROR:process_memory_win.cc(73)] ReadMemory at 0x7e77e5e000 of 6024 bytes failed: ReadProcessMemory 또는 WriteProcessMemory의 일부 작업만을 마쳤습니다. (0x12B)
[0319/211442.124:ERROR:process_memory_win.cc(73)] ReadMemory at 0x7e77e60000 of 6024 bytes failed: ReadProcessMemory 또는 WriteProcessMemory의 일부 작업만을 마쳤습니다. (0x12B)
[0319/211442.124:ERROR:process_memory_win.cc(73)] ReadMemory at 0x7e77e62000 of 6024 bytes failed: ReadProcessMemory 또는 WriteProcessMemory의 일부 작업만을 마쳤습니다. (0x12B)
[0319/211442.124:ERROR:process_memory_win.cc(73)] ReadMemory at 0x7e77e64000 of 6024 bytes failed: ReadProcessMemory 또는 WriteProcessMemory의 일부 작업만을 마쳤습니다. (0x12B)
[0319/211442.124:ERROR:process_memory_win.cc(73)] ReadMemory at 0x7e77e66000 of 6024 bytes failed: ReadProcessMemory 또는 WriteProcessMemory의 일부 작업만을 마쳤습니다. (0x12B)
[0319/211442.124:ERROR:process_memory_win.cc(73)] ReadMemory at 0x7e77e68000 of 6024 bytes failed: ReadProcessMemory 또는 WriteProcessMemory의 일부 작업만을 마쳤습니다. (0x12B)
[0319/211442.124:ERROR:process_memory_win.cc(73)] ReadMemory at 0x1a444390fe0 of 11492 bytes failed: ReadProcessMemory 또는 WriteProcessMemory의 일부 작업만을 마쳤습니다. (0x12B)
[0319/211442.124:ERROR:process_memory_win.cc(73)] ReadMemory at 0x1a444393cd0 of 1012 bytes failed: ReadProcessMemory 또는 WriteProcessMemory의 일부 작업만을 마쳤습니다. (0x12B)
[0319/211442.124:ERROR:process_memory_win.cc(73)] ReadMemory at 0x1a444394318 of 118 bytes failed: ReadProcessMemory 또는 WriteProcessMemory의 일부 작업만을 마쳤습니다. (0x12B)
[0319/211442.124:ERROR:process_memory_win.cc(73)] ReadMemory at 0x1a444394390 of 754 bytes failed: ReadProcessMemory 또는 WriteProcessMemory의 일부 작업만을 마쳤습니다. (0x12B)
[0319/211442.124:ERROR:process_memory_win.cc(73)] ReadMemory at 0x1a444394684 of 118 bytes failed: ReadProcessMemory 또는 WriteProcessMemory의 일부 작업만을 마쳤습니다. (0x12B)
[0319/211442.124:ERROR:process_memory_win.cc(73)] ReadMemory at 0x1a4443946fc of 96 bytes failed: ReadProcessMemory 또는 WriteProcessMemory의 일부 작업만을 마쳤습니다. (0x12B)
[0319/211442.124:ERROR:process_memory_win.cc(73)] ReadMemory at 0x1a444394770 of 58 bytes failed: ReadProcessMemory 또는 WriteProcessMemory의 일부 작업만을 마쳤습니다. (0x12B)
[0319/211442.124:ERROR:process_memory_win.cc(73)] ReadMemory at 0x1a444394870 of 132 bytes failed: ReadProcessMemory 또는 WriteProcessMemory의 일부 작업만을 마쳤습니다. (0x12B)
[0319/211442.124:ERROR:process_memory_win.cc(73)] ReadMemory at 0x1a444394a00 of 132 bytes failed: ReadProcessMemory 또는 WriteProcessMemory의 일부 작업만을 마쳤습니다. (0x12B)
[0319/211442.125:ERROR:process_memory_win.cc(73)] ReadMemory at 0x1a444394bc0 of 126 bytes failed: ReadProcessMemory 또는 WriteProcessMemory의 일부 작업만을 마쳤습니다. (0x12B)
[0319/211442.125:ERROR:process_memory_win.cc(73)] ReadMemory at 0x1a444394fa0 of 132 bytes failed: ReadProcessMemory 또는 WriteProcessMemory의 일부 작업만을 마쳤습니다. (0x12B)
[0319/211442.125:ERROR:process_memory_win.cc(73)] ReadMemory at 0x1a444395130 of 64 bytes failed: ReadProcessMemory 또는 WriteProcessMemory의 일부 작업만을 마쳤습니다. (0x12B)
[0319/211442.125:ERROR:process_memory_win.cc(73)] ReadMemory at 0x1a4443952f0 of 132 bytes failed: ReadProcessMemory 또는 WriteProcessMemory의 일부 작업만을 마쳤습니다. (0x12B)
[0319/211442.125:ERROR:process_memory_win.cc(73)] ReadMemory at 0x1a444395590 of 132 bytes failed: ReadProcessMemory 또는 WriteProcessMemory의 일부 작업만을 마쳤습니다. (0x12B)
[0319/211442.125:ERROR:process_memory_win.cc(73)] ReadMemory at 0x1a444395720 of 68 bytes failed: ReadProcessMemory 또는 WriteProcessMemory의 일부 작업만을 마쳤습니다. (0x12B)
[0319/211442.125:ERROR:process_memory_win.cc(73)] ReadMemory at 0x1a444396790 of 132 bytes failed: ReadProcessMemory 또는 WriteProcessMemory의 일부 작업만을 마쳤습니다. (0x12B)
[0319/211442.125:ERROR:process_memory_win.cc(73)] ReadMemory at 0x1a444396920 of 154 bytes failed: ReadProcessMemory 또는 WriteProcessMemory의 일부 작업만을 마쳤습니다. (0x12B)
[0319/211442.125:ERROR:process_memory_win.cc(73)] ReadMemory at 0x1a444397730 of 62 bytes failed: ReadProcessMemory 또는 WriteProcessMemory의 일부 작업만을 마쳤습니다. (0x12B)
[0319/211442.125:ERROR:process_memory_win.cc(73)] ReadMemory at 0x1a444397890 of 132 bytes failed: ReadProcessMemory 또는 WriteProcessMemory의 일부 작업만을 마쳤습니다. (0x12B)
[0319/211442.125:ERROR:process_memory_win.cc(73)] ReadMemory at 0x1a444397a20 of 60 bytes failed: ReadProcessMemory 또는 WriteProcessMemory의 일부 작업만을 마쳤습니다. (0x12B)
[0319/211442.125:ERROR:process_memory_win.cc(73)] ReadMemory at 0x1a444397c10 of 132 bytes failed: ReadProcessMemory 또는 WriteProcessMemory의 일부 작업만을 마쳤습니다. (0x12B)
[0319/211442.125:ERROR:process_memory_win.cc(73)] ReadMemory at 0x1a4443996d0 of 132 bytes failed: ReadProcessMemory 또는 WriteProcessMemory의 일부 작업만을 마쳤습니다. (0x12B)
[0319/211442.125:ERROR:process_memory_win.cc(73)] ReadMemory at 0x1a444399860 of 80 bytes failed: ReadProcessMemory 또는 WriteProcessMemory의 일부 작업만을 마쳤습니다. (0x12B)
[0319/211442.125:ERROR:process_memory_win.cc(73)] ReadMemory at 0x1a44439be20 of 64 bytes failed: ReadProcessMemory 또는 WriteProcessMemory의 일부 작업만을 마쳤습니다. (0x12B)
[0319/211442.125:ERROR:process_memory_win.cc(73)] ReadMemory at 0x1a44439bec0 of 64 bytes failed: ReadProcessMemory 또는 WriteProcessMemory의 일부 작업만을 마쳤습니다. (0x12B)
[0319/211442.125:ERROR:process_memory_win.cc(73)] ReadMemory at 0x1a44439c050 of 60 bytes failed: ReadProcessMemory 또는 WriteProcessMemory의 일부 작업만을 마쳤습니다. (0x12B)
[0319/211442.125:ERROR:process_memory_win.cc(73)] ReadMemory at 0x1a44439c1e0 of 60 bytes failed: ReadProcessMemory 또는 WriteProcessMemory의 일부 작업만을 마쳤습니다. (0x12B)
[0319/211442.126:ERROR:process_memory_win.cc(73)] ReadMemory at 0x1a44439c280 of 62 bytes failed: ReadProcessMemory 또는 WriteProcessMemory의 일부 작업만을 마쳤습니다. (0x12B)
[0319/211442.126:ERROR:process_memory_win.cc(73)] ReadMemory at 0x1a44439c320 of 64 bytes failed: ReadProcessMemory 또는 WriteProcessMemory의 일부 작업만을 마쳤습니다. (0x12B)
[0319/211442.126:ERROR:process_memory_win.cc(73)] ReadMemory at 0x1a44439c370 of 64 bytes failed: ReadProcessMemory 또는 WriteProcessMemory의 일부 작업만을 마쳤습니다. (0x12B)
[0319/211442.126:ERROR:process_memory_win.cc(73)] ReadMemory at 0x1a44439c3c0 of 66 bytes failed: ReadProcessMemory 또는 WriteProcessMemory의 일부 작업만을 마쳤습니다. (0x12B)
[0319/211442.126:ERROR:process_memory_win.cc(73)] ReadMemory at 0x1a44439c460 of 62 bytes failed: ReadProcessMemory 또는 WriteProcessMemory의 일부 작업만을 마쳤습니다. (0x12B)
[0319/211442.126:ERROR:process_memory_win.cc(73)] ReadMemory at 0x1a44439d220 of 80 bytes failed: ReadProcessMemory 또는 WriteProcessMemory의 일부 작업만을 마쳤습니다. (0x12B)
[0319/211442.126:ERROR:process_memory_win.cc(73)] ReadMemory at 0x1a44439d7c0 of 76 bytes failed: ReadProcessMemory 또는 WriteProcessMemory의 일부 작업만을 마쳤습니다. (0x12B)
[0319/211442.126:ERROR:process_memory_win.cc(73)] ReadMemory at 0x1a44439f630 of 132 bytes failed: ReadProcessMemory 또는 WriteProcessMemory의 일부 작업만을 마쳤습니다. (0x12B)
[0319/211442.126:ERROR:process_memory_win.cc(73)] ReadMemory at 0x1a44439f760 of 146 bytes failed: ReadProcessMemory 또는 WriteProcessMemory의 일부 작업만을 마쳤습니다. (0x12B)
[0319/211442.126:ERROR:process_memory_win.cc(73)] ReadMemory at 0x1a4443a1480 of 54 bytes failed: ReadProcessMemory 또는 WriteProcessMemory의 일부 작업만을 마쳤습니다. (0x12B)
[0319/211442.126:ERROR:process_memory_win.cc(73)] ReadMemory at 0x1a4443a2380 of 132 bytes failed: ReadProcessMemory 또는 WriteProcessMemory의 일부 작업만을 마쳤습니다. (0x12B)
[0319/211442.126:ERROR:process_memory_win.cc(73)] ReadMemory at 0x1a4443a2a50 of 132 bytes failed: ReadProcessMemory 또는 WriteProcessMemory의 일부 작업만을 마쳤습니다. (0x12B)
[0319/211442.126:ERROR:process_memory_win.cc(73)] ReadMemory at 0x1a4443a2db0 of 132 bytes failed: ReadProcessMemory 또는 WriteProcessMemory의 일부 작업만을 마쳤습니다. (0x12B)
[0319/211442.126:ERROR:process_memory_win.cc(73)] ReadMemory at 0x1a4443a2fc0 of 132 bytes failed: ReadProcessMemory 또는 WriteProcessMemory의 일부 작업만을 마쳤습니다. (0x12B)
[0319/211442.126:ERROR:process_memory_win.cc(73)] ReadMemory at 0x1a4443a4720 of 132 bytes failed: ReadProcessMemory 또는 WriteProcessMemory의 일부 작업만을 마쳤습니다. (0x12B)
[0319/211442.126:ERROR:process_memory_win.cc(73)] ReadMemory at 0x1a4443a4a70 of 132 bytes failed: ReadProcessMemory 또는 WriteProcessMemory의 일부 작업만을 마쳤습니다. (0x12B)
[0319/211442.126:ERROR:process_memory_win.cc(73)] ReadMemory at 0x1a4443a4ba0 of 132 bytes failed: ReadProcessMemory 또는 WriteProcessMemory의 일부 작업만을 마쳤습니다. (0x12B)
[0319/211442.126:ERROR:process_memory_win.cc(73)] ReadMemory at 0x1a4443a6840 of 132 bytes failed: ReadProcessMemory 또는 WriteProcessMemory의 일부 작업만을 마쳤습니다. (0x12B)
[0319/211442.126:ERROR:process_memory_win.cc(73)] ReadMemory at 0x1a4443a6aa0 of 132 bytes failed: ReadProcessMemory 또는 WriteProcessMemory의 일부 작업만을 마쳤습니다. (0x12B)
[0319/211442.127:ERROR:process_memory_win.cc(73)] ReadMemory at 0x1a4443a6bd0 of 132 bytes failed: ReadProcessMemory 또는 WriteProcessMemory의 일부 작업만을 마쳤습니다. (0x12B)
[0319/211442.127:ERROR:process_memory_win.cc(73)] ReadMemory at 0x1a4443a6d00 of 132 bytes failed: ReadProcessMemory 또는 WriteProcessMemory의 일부 작업만을 마쳤습니다. (0x12B)
[0319/211442.127:ERROR:process_memory_win.cc(73)] ReadMemory at 0x1a4443a6e30 of 132 bytes failed: ReadProcessMemory 또는 WriteProcessMemory의 일부 작업만을 마쳤습니다. (0x12B)
[0319/211442.127:ERROR:process_memory_win.cc(73)] ReadMemory at 0x1a4443a6f60 of 132 bytes failed: ReadProcessMemory 또는 WriteProcessMemory의 일부 작업만을 마쳤습니다. (0x12B)
[0319/211442.127:ERROR:process_memory_win.cc(73)] ReadMemory at 0x1a4443a7090 of 132 bytes failed: ReadProcessMemory 또는 WriteProcessMemory의 일부 작업만을 마쳤습니다. (0x12B)
[0319/211442.127:ERROR:process_memory_win.cc(73)] ReadMemory at 0x1a4443a71c0 of 132 bytes failed: ReadProcessMemory 또는 WriteProcessMemory의 일부 작업만을 마쳤습니다. (0x12B)
[0319/211442.127:ERROR:process_memory_win.cc(73)] ReadMemory at 0x1a4443a72f0 of 132 bytes failed: ReadProcessMemory 또는 WriteProcessMemory의 일부 작업만을 마쳤습니다. (0x12B)
[0319/211442.127:ERROR:process_memory_win.cc(73)] ReadMemory at 0x1a4443a7420 of 132 bytes failed: ReadProcessMemory 또는 WriteProcessMemory의 일부 작업만을 마쳤습니다. (0x12B)
[0319/211442.127:ERROR:process_memory_win.cc(73)] ReadMemory at 0x1a4443a7550 of 132 bytes failed: ReadProcessMemory 또는 WriteProcessMemory의 일부 작업만을 마쳤습니다. (0x12B)
[0319/211442.127:ERROR:process_memory_win.cc(73)] ReadMemory at 0x1a4443a7680 of 132 bytes failed: ReadProcessMemory 또는 WriteProcessMemory의 일부 작업만을 마쳤습니다. (0x12B)
[0319/211442.127:ERROR:process_memory_win.cc(73)] ReadMemory at 0x1a4443a7f50 of 64 bytes failed: ReadProcessMemory 또는 WriteProcessMemory의 일부 작업만을 마쳤습니다. (0x12B)
[0319/211442.127:ERROR:process_memory_win.cc(73)] ReadMemory at 0x1a4443a7fa0 of 64 bytes failed: ReadProcessMemory 또는 WriteProcessMemory의 일부 작업만을 마쳤습니다. (0x12B)
[0319/211442.127:ERROR:process_memory_win.cc(73)] ReadMemory at 0x1a4443a8040 of 58 bytes failed: ReadProcessMemory 또는 WriteProcessMemory의 일부 작업만을 마쳤습니다. (0x12B)
[0319/211442.127:ERROR:process_memory_win.cc(73)] ReadMemory at 0x1a4443a8090 of 60 bytes failed: ReadProcessMemory 또는 WriteProcessMemory의 일부 작업만을 마쳤습니다. (0x12B)
[0319/211442.127:ERROR:process_memory_win.cc(73)] ReadMemory at 0x1a4443a80e0 of 62 bytes failed: ReadProcessMemory 또는 WriteProcessMemory의 일부 작업만을 마쳤습니다. (0x12B)
[0319/211442.127:ERROR:process_memory_win.cc(73)] ReadMemory at 0x1a4443a8400 of 60 bytes failed: ReadProcessMemory 또는 WriteProcessMemory의 일부 작업만을 마쳤습니다. (0x12B)
[0319/211442.127:ERROR:process_memory_win.cc(73)] ReadMemory at 0x1a4443a8450 of 62 bytes failed: ReadProcessMemory 또는 WriteProcessMemory의 일부 작업만을 마쳤습니다. (0x12B)
[0319/211442.127:ERROR:process_memory_win.cc(73)] ReadMemory at 0x1a4443a84a0 of 66 bytes failed: ReadProcessMemory 또는 WriteProcessMemory의 일부 작업만을 마쳤습니다. (0x12B)
[0319/211442.127:ERROR:process_memory_win.cc(73)] ReadMemory at 0x1a4443a8680 of 62 bytes failed: ReadProcessMemory 또는 WriteProcessMemory의 일부 작업만을 마쳤습니다. (0x12B)
[0319/211442.127:ERROR:process_memory_win.cc(73)] ReadMemory at 0x1a4443a86d0 of 62 bytes failed: ReadProcessMemory 또는 WriteProcessMemory의 일부 작업만을 마쳤습니다. (0x12B)
[0319/211442.128:ERROR:process_memory_win.cc(73)] ReadMemory at 0x1a4443a8770 of 64 bytes failed: ReadProcessMemory 또는 WriteProcessMemory의 일부 작업만을 마쳤습니다. (0x12B)
[0319/211442.128:ERROR:process_memory_win.cc(73)] ReadMemory at 0x1a4443a8810 of 62 bytes failed: ReadProcessMemory 또는 WriteProcessMemory의 일부 작업만을 마쳤습니다. (0x12B)
[0319/211442.128:ERROR:process_memory_win.cc(73)] ReadMemory at 0x1a4443a88b0 of 64 bytes failed: ReadProcessMemory 또는 WriteProcessMemory의 일부 작업만을 마쳤습니다. (0x12B)
[0319/211442.128:ERROR:process_memory_win.cc(73)] ReadMemory at 0x1a4443a89a0 of 62 bytes failed: ReadProcessMemory 또는 WriteProcessMemory의 일부 작업만을 마쳤습니다. (0x12B)
[0319/211442.128:ERROR:process_memory_win.cc(73)] ReadMemory at 0x1a4443a8b30 of 60 bytes failed: ReadProcessMemory 또는 WriteProcessMemory의 일부 작업만을 마쳤습니다. (0x12B)
[0319/211442.128:ERROR:process_memory_win.cc(73)] ReadMemory at 0x1a4443a8b80 of 62 bytes failed: ReadProcessMemory 또는 WriteProcessMemory의 일부 작업만을 마쳤습니다. (0x12B)
[0319/211442.128:ERROR:process_memory_win.cc(73)] ReadMemory at 0x1a4443a8cc0 of 62 bytes failed: ReadProcessMemory 또는 WriteProcessMemory의 일부 작업만을 마쳤습니다. (0x12B)
[0319/211442.128:ERROR:process_memory_win.cc(73)] ReadMemory at 0x1a4443a8d10 of 60 bytes failed: ReadProcessMemory 또는 WriteProcessMemory의 일부 작업만을 마쳤습니다. (0x12B)
[0319/211442.128:ERROR:process_memory_win.cc(73)] ReadMemory at 0x1a4443a8fa0 of 132 bytes failed: ReadProcessMemory 또는 WriteProcessMemory의 일부 작업만을 마쳤습니다. (0x12B)
[0319/211442.128:ERROR:process_memory_win.cc(73)] ReadMemory at 0x1a4443a90d0 of 132 bytes failed: ReadProcessMemory 또는 WriteProcessMemory의 일부 작업만을 마쳤습니다. (0x12B)
[0319/211442.128:ERROR:process_memory_win.cc(73)] ReadMemory at 0x1a4443a9330 of 132 bytes failed: ReadProcessMemory 또는 WriteProcessMemory의 일부 작업만을 마쳤습니다. (0x12B)
[0319/211442.128:ERROR:process_memory_win.cc(73)] ReadMemory at 0x1a4443a9460 of 132 bytes failed: ReadProcessMemory 또는 WriteProcessMemory의 일부 작업만을 마쳤습니다. (0x12B)
[0319/211442.128:ERROR:process_memory_win.cc(73)] ReadMemory at 0x1a4443a97f0 of 132 bytes failed: ReadProcessMemory 또는 WriteProcessMemory의 일부 작업만을 마쳤습니다. (0x12B)
[0319/211442.128:ERROR:process_memory_win.cc(73)] ReadMemory at 0x1a4443a9920 of 132 bytes failed: ReadProcessMemory 또는 WriteProcessMemory의 일부 작업만을 마쳤습니다. (0x12B)
[0319/211442.128:ERROR:process_memory_win.cc(73)] ReadMemory at 0x1a4443a9a50 of 132 bytes failed: ReadProcessMemory 또는 WriteProcessMemory의 일부 작업만을 마쳤습니다. (0x12B)
[0319/211442.128:ERROR:process_memory_win.cc(73)] ReadMemory at 0x1a4443a9f10 of 132 bytes failed: ReadProcessMemory 또는 WriteProcessMemory의 일부 작업만을 마쳤습니다. (0x12B)
[0319/211442.128:ERROR:process_memory_win.cc(73)] ReadMemory at 0x1a4443aa040 of 132 bytes failed: ReadProcessMemory 또는 WriteProcessMemory의 일부 작업만을 마쳤습니다. (0x12B)
[0319/211442.128:ERROR:process_memory_win.cc(73)] ReadMemory at 0x1a4443aa9c0 of 132 bytes failed: ReadProcessMemory 또는 WriteProcessMemory의 일부 작업만을 마쳤습니다. (0x12B)
[0319/211442.128:ERROR:process_memory_win.cc(73)] ReadMemory at 0x1a4443bf2e0 of 512 bytes failed: ReadProcessMemory 또는 WriteProcessMemory의 일부 작업만을 마쳤습니다. (0x12B)
[0319/211442.129:ERROR:process_memory_win.cc(73)] ReadMemory at 0x1a4443c01a0 of 512 bytes failed: ReadProcessMemory 또는 WriteProcessMemory의 일부 작업만을 마쳤습니다. (0x12B)
[0319/211442.129:ERROR:process_memory_win.cc(73)] ReadMemory at 0x1a444861000 of 512 bytes failed: ReadProcessMemory 또는 WriteProcessMemory의 일부 작업만을 마쳤습니다. (0x12B)
[0319/211442.129:ERROR:process_memory_win.cc(73)] ReadMemory at 0x1a444861203 of 512 bytes failed: ReadProcessMemory 또는 WriteProcessMemory의 일부 작업만을 마쳤습니다. (0x12B)
[0319/211442.129:ERROR:process_memory_win.cc(73)] ReadMemory at 0x1a444910ed0 of 512 bytes failed: ReadProcessMemory 또는 WriteProcessMemory의 일부 작업만을 마쳤습니다. (0x12B)
[0319/211442.129:ERROR:process_memory_win.cc(73)] ReadMemory at 0x1a444912d20 of 512 bytes failed: ReadProcessMemory 또는 WriteProcessMemory의 일부 작업만을 마쳤습니다. (0x12B)
[0319/211442.129:ERROR:process_memory_win.cc(73)] ReadMemory at 0x1a444913b30 of 992 bytes failed: ReadProcessMemory 또는 WriteProcessMemory의 일부 작업만을 마쳤습니다. (0x12B)
[0319/211442.129:ERROR:process_memory_win.cc(73)] ReadMemory at 0x1a44492f340 of 712 bytes failed: ReadProcessMemory 또는 WriteProcessMemory의 일부 작업만을 마쳤습니다. (0x12B)
[0319/211442.129:ERROR:process_memory_win.cc(73)] ReadMemory at 0x1a44493c350 of 512 bytes failed: ReadProcessMemory 또는 WriteProcessMemory의 일부 작업만을 마쳤습니다. (0x12B)
[0319/211442.129:ERROR:process_memory_win.cc(73)] ReadMemory at 0x1a4449408c8 of 512 bytes failed: ReadProcessMemory 또는 WriteProcessMemory의 일부 작업만을 마쳤습니다. (0x12B)
[0319/211442.129:ERROR:process_memory_win.cc(73)] ReadMemory at 0x1a444940b98 of 512 bytes failed: ReadProcessMemory 또는 WriteProcessMemory의 일부 작업만을 마쳤습니다. (0x12B)
[0319/211442.129:ERROR:process_memory_win.cc(73)] ReadMemory at 0x1a444941768 of 512 bytes failed: ReadProcessMemory 또는 WriteProcessMemory의 일부 작업만을 마쳤습니다. (0x12B)
[0319/211442.129:ERROR:process_memory_win.cc(73)] ReadMemory at 0x1a444941d98 of 512 bytes failed: ReadProcessMemory 또는 WriteProcessMemory의 일부 작업만을 마쳤습니다. (0x12B)
[0319/211442.129:ERROR:process_memory_win.cc(73)] ReadMemory at 0x1a444942068 of 512 bytes failed: ReadProcessMemory 또는 WriteProcessMemory의 일부 작업만을 마쳤습니다. (0x12B)
[0319/211442.129:ERROR:process_memory_win.cc(73)] ReadMemory at 0x1a444983508 of 512 bytes failed: ReadProcessMemory 또는 WriteProcessMemory의 일부 작업만을 마쳤습니다. (0x12B)
[0319/211442.129:ERROR:process_memory_win.cc(73)] ReadMemory at 0x1a44498bce8 of 512 bytes failed: ReadProcessMemory 또는 WriteProcessMemory의 일부 작업만을 마쳤습니다. (0x12B)
[0319/211442.129:ERROR:process_memory_win.cc(73)] ReadMemory at 0x1a446790000 of 384 bytes failed: ReadProcessMemory 또는 WriteProcessMemory의 일부 작업만을 마쳤습니다. (0x12B)
[0319/211442.129:ERROR:process_memory_win.cc(73)] ReadMemory at 0x1a446803d30 of 512 bytes failed: ReadProcessMemory 또는 WriteProcessMemory의 일부 작업만을 마쳤습니다. (0x12B)
[0319/211442.129:ERROR:process_memory_win.cc(73)] ReadMemory at 0x1a446c62cd8 of 512 bytes failed: ReadProcessMemory 또는 WriteProcessMemory의 일부 작업만을 마쳤습니다. (0x12B)
[0319/211442.129:ERROR:process_memory_win.cc(73)] ReadMemory at 0x16af33524190 of 512 bytes failed: ReadProcessMemory 또는 WriteProcessMemory의 일부 작업만을 마쳤습니다. (0x12B)
[0319/211442.130:ERROR:process_memory_win.cc(73)] ReadMemory at 0x7ff84251c0c4 of 672 bytes failed: ReadProcessMemory 또는 WriteProcessMemory의 일부 작업만을 마쳤습니다. (0x12B)
[0319/211442.130:ERROR:process_memory_win.cc(73)] ReadMemory at 0x7ff84251c6c4 of 512 bytes failed: ReadProcessMemory 또는 WriteProcessMemory의 일부 작업만을 마쳤습니다. (0x12B)
[0319/211442.130:ERROR:process_memory_win.cc(73)] ReadMemory at 0x7ff84251f974 of 608 bytes failed: ReadProcessMemory 또는 WriteProcessMemory의 일부 작업만을 마쳤습니다. (0x12B)
[0319/211442.130:ERROR:process_memory_win.cc(73)] ReadMemory at 0x7ff8425ac428 of 18 bytes failed: ReadProcessMemory 또는 WriteProcessMemory의 일부 작업만을 마쳤습니다. (0x12B)
[0319/211442.130:ERROR:process_memory_win.cc(73)] ReadMemory at 0x7ff8425df4f8 of 40 bytes failed: ReadProcessMemory 또는 WriteProcessMemory의 일부 작업만을 마쳤습니다. (0x12B)
[0319/211442.130:ERROR:process_memory_win.cc(73)] ReadMemory at 0x7ff8425df978 of 48 bytes failed: ReadProcessMemory 또는 WriteProcessMemory의 일부 작업만을 마쳤습니다. (0x12B)
[0319/211442.130:ERROR:process_memory_win.cc(73)] ReadMemory at 0x7ff8425e53c0 of 64 bytes failed: ReadProcessMemory 또는 WriteProcessMemory의 일부 작업만을 마쳤습니다. (0x12B)
[0319/211442.130:ERROR:process_memory_win.cc(73)] ReadMemory at 0x7fffc08517f0 of 512 bytes failed: ReadProcessMemory 또는 WriteProcessMemory의 일부 작업만을 마쳤습니다. (0x12B)
[0319/211442.130:ERROR:process_memory_win.cc(73)] ReadMemory at 0x7fffc10e054c of 512 bytes failed: ReadProcessMemory 또는 WriteProcessMemory의 일부 작업만을 마쳤습니다. (0x12B)
[0319/211442.130:ERROR:process_memory_win.cc(73)] ReadMemory at 0x7fffc1e73d1b of 512 bytes failed: ReadProcessMemory 또는 WriteProcessMemory의 일부 작업만을 마쳤습니다. (0x12B)
[0319/211442.130:ERROR:process_memory_win.cc(73)] ReadMemory at 0x7fffc6235964 of 512 bytes failed: ReadProcessMemory 또는 WriteProcessMemory의 일부 작업만을 마쳤습니다. (0x12B)
[0319/211442.131:ERROR:scoped_process_suspend.cc(40)] NtResumeProcess: 기존 프로세스에 액세스하려고 했습니다. (0xc000010a)
